Using pre-set license
Built from '2021.3/staging' branch; Version is '2021.3.15f1 (e8e88683f834) revision 15263878'; Using compiler version '192829333'; Build Type 'Release'
OS: 'Windows 10  (10.0.19045) 64bit Core' Language: 'en' Physical Memory: 32684 MB
BatchMode: 1, IsHumanControllingUs: 0, StartBugReporterOnCrash: 0, Is64bit: 1, IsPro: 1

COMMAND LINE ARGUMENTS:
C:\Program Files\Unity\Hub\Editor\2021.3.15f1\Editor\Unity.exe
-adb2
-batchMode
-noUpm
-name
AssetImportWorker2
-projectPath
C:/Projects/Delivery Dash
-logFile
Logs/AssetImportWorker2.log
-srvPort
65091
Successfully changed project path to: C:/Projects/Delivery Dash
C:/Projects/Delivery Dash
[UnityMemory] Configuration Parameters - Can be set up in boot.config
    "memorysetup-bucket-allocator-granularity=16"
    "memorysetup-bucket-allocator-bucket-count=8"
    "memorysetup-bucket-allocator-block-size=33554432"
    "memorysetup-bucket-allocator-block-count=8"
    "memorysetup-main-allocator-block-size=16777216"
    "memorysetup-thread-allocator-block-size=16777216"
    "memorysetup-gfx-main-allocator-block-size=16777216"
    "memorysetup-gfx-thread-allocator-block-size=16777216"
    "memorysetup-cache-allocator-block-size=4194304"
    "memorysetup-typetree-allocator-block-size=2097152"
    "memorysetup-profiler-bucket-allocator-granularity=16"
    "memorysetup-profiler-bucket-allocator-bucket-count=8"
    "memorysetup-profiler-bucket-allocator-block-size=33554432"
    "memorysetup-profiler-bucket-allocator-block-count=8"
    "memorysetup-profiler-allocator-block-size=16777216"
    "memorysetup-profiler-editor-allocator-block-size=1048576"
    "memorysetup-temp-allocator-size-main=16777216"
    "memorysetup-job-temp-allocator-block-size=2097152"
    "memorysetup-job-temp-allocator-block-size-background=1048576"
    "memorysetup-job-temp-allocator-reduction-small-platforms=262144"
    "memorysetup-temp-allocator-size-background-worker=32768"
    "memorysetup-temp-allocator-size-job-worker=262144"
    "memorysetup-temp-allocator-size-preload-manager=33554432"
    "memorysetup-temp-allocator-size-nav-mesh-worker=65536"
    "memorysetup-temp-allocator-size-audio-worker=65536"
    "memorysetup-temp-allocator-size-cloud-worker=32768"
    "memorysetup-temp-allocator-size-gi-baking-worker=262144"
    "memorysetup-temp-allocator-size-gfx=262144"
Player connection [7364] Host "[IP] 192.168.0.125 [Port] 0 [Flags] 2 [Guid] 1940655636 [EditorId] 1940655636 [Version] 1048832 [Id] WindowsEditor(7,DESKTOP-I255MKF) [Debug] 1 [PackageName] WindowsEditor [ProjectName] Editor" joined multi-casting on [225.0.0.222:54997]...

Player connection [7364] Host "[IP] 192.168.0.125 [Port] 0 [Flags] 2 [Guid] 1940655636 [EditorId] 1940655636 [Version] 1048832 [Id] WindowsEditor(7,DESKTOP-I255MKF) [Debug] 1 [PackageName] WindowsEditor [ProjectName] Editor" joined alternative multi-casting on [225.0.0.222:34997]...

Refreshing native plugins compatible for Editor in 48.18 ms, found 2 plugins.
Preloading 0 native plugins for Editor in 0.00 ms.
Initialize engine version: 2021.3.15f1 (e8e88683f834)
[Subsystems] Discovering subsystems at path C:/Program Files/Unity/Hub/Editor/2021.3.15f1/Editor/Data/Resources/UnitySubsystems
[Subsystems] Discovering subsystems at path C:/Projects/Delivery Dash/Assets
GfxDevice: creating device client; threaded=0; jobified=0
Direct3D:
    Version:  Direct3D 11.0 [level 11.1]
    Renderer: NVIDIA GeForce RTX 2080 SUPER (ID=0x1e81)
    Vendor:   NVIDIA
    VRAM:     8001 MB
    Driver:   31.0.15.3141
Initialize mono
Mono path[0] = 'C:/Program Files/Unity/Hub/Editor/2021.3.15f1/Editor/Data/Managed'
Mono path[1] = 'C:/Program Files/Unity/Hub/Editor/2021.3.15f1/Editor/Data/MonoBleedingEdge/lib/mono/unityjit-win32'
Mono config path = 'C:/Program Files/Unity/Hub/Editor/2021.3.15f1/Editor/Data/MonoBleedingEdge/etc'
Using monoOptions --debugger-agent=transport=dt_socket,embedding=1,server=y,suspend=n,address=127.0.0.1:56872
Begin MonoManager ReloadAssembly
Registering precompiled unity dll's ...
Register platform support module: C:/Program Files/Unity/Hub/Editor/2021.3.15f1/Editor/Data/PlaybackEngines/WebGLSupport/UnityEditor.WebGL.Extensions.dll
Register platform support module: C:/Program Files/Unity/Hub/Editor/2021.3.15f1/Editor/Data/PlaybackEngines/MacStandaloneSupport/UnityEditor.OSXStandalone.Extensions.dll
Register platform support module: C:/Program Files/Unity/Hub/Editor/2021.3.15f1/Editor/Data/PlaybackEngines/WindowsStandaloneSupport/UnityEditor.WindowsStandalone.Extensions.dll
Register platform support module: C:/Program Files/Unity/Hub/Editor/2021.3.15f1/Editor/Data/PlaybackEngines/LinuxStandaloneSupport/UnityEditor.LinuxStandalone.Extensions.dll
Registered in 0.008028 seconds.
Native extension for LinuxStandalone target not found
Native extension for WindowsStandalone target not found
Native extension for OSXStandalone target not found
Native extension for WebGL target not found
Refreshing native plugins compatible for Editor in 48.45 ms, found 2 plugins.
Preloading 0 native plugins for Editor in 0.00 ms.
Mono: successfully reloaded assembly
- Completed reload, in  0.526 seconds
Domain Reload Profiling:
	ReloadAssembly (526ms)
		BeginReloadAssembly (62ms)
			ExecutionOrderSort (0ms)
			DisableScriptedObjects (0ms)
			BackupInstance (0ms)
			ReleaseScriptingObjects (0ms)
			CreateAndSetChildDomain (1ms)
		EndReloadAssembly (371ms)
			LoadAssemblies (61ms)
			RebuildTransferFunctionScriptingTraits (0ms)
			SetupTypeCache (89ms)
			ReleaseScriptCaches (0ms)
			RebuildScriptCaches (24ms)
			SetupLoadedEditorAssemblies (217ms)
				LogAssemblyErrors (0ms)
				InitializePlatformSupportModulesInManaged (12ms)
				SetLoadedEditorAssemblies (0ms)
				RefreshPlugins (49ms)
				BeforeProcessingInitializeOnLoad (1ms)
				ProcessInitializeOnLoadAttributes (117ms)
				ProcessInitializeOnLoadMethodAttributes (38ms)
				AfterProcessingInitializeOnLoad (0ms)
				EditorAssembliesLoaded (0ms)
			ExecutionOrderSort2 (0ms)
			AwakeInstancesAfterBackupRestoration (0ms)
Platform modules already initialized, skipping
Registering precompiled user dll's ...
Registered in 0.003478 seconds.
Begin MonoManager ReloadAssembly
Native extension for LinuxStandalone target not found
Native extension for WindowsStandalone target not found
Native extension for OSXStandalone target not found
Native extension for WebGL target not found
Refreshing native plugins compatible for Editor in 43.29 ms, found 2 plugins.
Preloading 0 native plugins for Editor in 0.00 ms.
Mono: successfully reloaded assembly
- Completed reload, in  0.851 seconds
Domain Reload Profiling:
	ReloadAssembly (852ms)
		BeginReloadAssembly (90ms)
			ExecutionOrderSort (0ms)
			DisableScriptedObjects (5ms)
			BackupInstance (0ms)
			ReleaseScriptingObjects (0ms)
			CreateAndSetChildDomain (16ms)
		EndReloadAssembly (665ms)
			LoadAssemblies (61ms)
			RebuildTransferFunctionScriptingTraits (0ms)
			SetupTypeCache (154ms)
			ReleaseScriptCaches (0ms)
			RebuildScriptCaches (39ms)
			SetupLoadedEditorAssemblies (376ms)
				LogAssemblyErrors (0ms)
				InitializePlatformSupportModulesInManaged (10ms)
				SetLoadedEditorAssemblies (0ms)
				RefreshPlugins (43ms)
				BeforeProcessingInitializeOnLoad (50ms)
				ProcessInitializeOnLoadAttributes (248ms)
				ProcessInitializeOnLoadMethodAttributes (18ms)
				AfterProcessingInitializeOnLoad (6ms)
				EditorAssembliesLoaded (0ms)
			ExecutionOrderSort2 (0ms)
			AwakeInstancesAfterBackupRestoration (5ms)
Platform modules already initialized, skipping
========================================================================
Worker process is ready to serve import requests
Launched and connected shader compiler UnityShaderCompiler.exe after 0.03 seconds
Refreshing native plugins compatible for Editor in 0.72 ms, found 2 plugins.
Preloading 0 native plugins for Editor in 0.00 ms.
Unloading 2017 Unused Serialized files (Serialized files now loaded: 0)
Unloading 52 unused Assets / (1.8 MB). Loaded Objects now: 2490.
Memory consumption went from 189.3 MB to 187.5 MB.
Total: 2.711200 ms (FindLiveObjects: 0.190200 ms CreateObjectMapping: 0.119500 ms MarkObjects: 2.049200 ms  DeleteObjects: 0.351400 ms)

AssetImportParameters requested are different than current active one (requested -> active):
  custom:video-decoder-ogg-theora: a1e56fd34408186e4bbccfd4996cb3dc -> 
  custom:container-muxer-webm: aa71ff27fc2769a1b78a27578f13a17b -> 
  custom:container-demuxer-webm: 4f35f7cbe854078d1ac9338744f61a02 -> 
  custom:video-encoder-webm-vp8: eb34c28f22e8b96e1ab97ce403110664 -> 
  custom:audio-encoder-webm-vorbis: bf7c407c2cedff20999df2af8eb42d56 -> 
  custom:framework-win-MediaFoundation: 216162199b28c13a410421893ffa2e32 -> 
  custom:container-demuxer-ogg: 62fdf1f143b41e24485cea50d1cbac27 -> 
  custom:video-decoder-webm-vp8: 9c59270c3fd7afecdb556c50c9e8de78 -> 
  custom:audio-decoder-ogg-vorbis: bf7c407c2cedff20999df2af8eb42d56 -> 
========================================================================
Received Import Request.
  Time since last request: 1641441.648898 seconds.
  path: Assets/Asset Libraries/Borealis - Low Poly Tundra/Contents/Prefabs/Backdrops/Mountain 1.prefab
  artifactKey: Guid(d9f91aae7fbdd8c42b368eef8fff39af) Importer(815301076,1909f56bfc062723c751e8b465ee728b)
Start importing Assets/Asset Libraries/Borealis - Low Poly Tundra/Contents/Prefabs/Backdrops/Mountain 1.prefab using Guid(d9f91aae7fbdd8c42b368eef8fff39af) Importer(815301076,1909f56bfc062723c751e8b465ee728b)  -> (artifact id: '97f778672a944fe330c349b9e57df4f9') in 0.106072 seconds 
========================================================================
Received Import Request.
  Time since last request: 0.000015 seconds.
  path: Assets/Asset Libraries/Borealis - Low Poly Tundra/Contents/Prefabs/Backdrops/Ship.prefab
  artifactKey: Guid(eed0952fc04a7b540ad2e960c3a2befd) Importer(815301076,1909f56bfc062723c751e8b465ee728b)
Start importing Assets/Asset Libraries/Borealis - Low Poly Tundra/Contents/Prefabs/Backdrops/Ship.prefab using Guid(eed0952fc04a7b540ad2e960c3a2befd) Importer(815301076,1909f56bfc062723c751e8b465ee728b)  -> (artifact id: '285bfee2e873cd3525c1236ddcfc6ec4') in 0.044779 seconds 
========================================================================
Received Import Request.
  Time since last request: 0.000025 seconds.
  path: Assets/Asset Libraries/Borealis - Low Poly Tundra/Contents/Prefabs/Backdrops/Snowy Mountain 3.prefab
  artifactKey: Guid(69a05dc102ce4f949876213ac634b25c) Importer(815301076,1909f56bfc062723c751e8b465ee728b)
Start importing Assets/Asset Libraries/Borealis - Low Poly Tundra/Contents/Prefabs/Backdrops/Snowy Mountain 3.prefab using Guid(69a05dc102ce4f949876213ac634b25c) Importer(815301076,1909f56bfc062723c751e8b465ee728b)  -> (artifact id: 'ca60bd2eb8009a4b65ff2b643d0a70d4') in 0.012126 seconds 
========================================================================
Received Import Request.
  Time since last request: 785.218778 seconds.
  path: Assets/Asset Libraries/Cryptid - Low Poly Monsters/Contents/Prefabs/Skitter.prefab
  artifactKey: Guid(89dcc10467b91bb42a48e0e592618a98) Importer(815301076,1909f56bfc062723c751e8b465ee728b)
Start importing Assets/Asset Libraries/Cryptid - Low Poly Monsters/Contents/Prefabs/Skitter.prefab using Guid(89dcc10467b91bb42a48e0e592618a98) Importer(815301076,1909f56bfc062723c751e8b465ee728b)  -> (artifact id: '78798b4292683d366cd3581981b54496') in 0.035876 seconds 
========================================================================
Received Import Request.
  Time since last request: 0.000021 seconds.
  path: Assets/Asset Libraries/Cryptid - Low Poly Monsters/Contents/Prefabs/Will o the Wisp.prefab
  artifactKey: Guid(da4b027084b7d5a40bb5c7c092a19770) Importer(815301076,1909f56bfc062723c751e8b465ee728b)
Start importing Assets/Asset Libraries/Cryptid - Low Poly Monsters/Contents/Prefabs/Will o the Wisp.prefab using Guid(da4b027084b7d5a40bb5c7c092a19770) Importer(815301076,1909f56bfc062723c751e8b465ee728b)  -> (artifact id: 'ef7ff3c27a98affb792eec0a82c37fca') in 0.131707 seconds 
========================================================================
Received Import Request.
  Time since last request: 0.000025 seconds.
  path: Assets/Asset Libraries/Cryptid - Low Poly Monsters/Contents/Prefabs/Yeti.prefab
  artifactKey: Guid(26574be9404564a47bd1346c70cea1b1) Importer(815301076,1909f56bfc062723c751e8b465ee728b)
Start importing Assets/Asset Libraries/Cryptid - Low Poly Monsters/Contents/Prefabs/Yeti.prefab using Guid(26574be9404564a47bd1346c70cea1b1) Importer(815301076,1909f56bfc062723c751e8b465ee728b)  -> (artifact id: '67858314abb7c3136b1cc89e75fa2a67') in 0.033169 seconds 
========================================================================
Received Import Request.
  Time since last request: 0.000019 seconds.
  path: Assets/Asset Libraries/Cryptid - Low Poly Monsters/Contents/Prefabs/Wendigo.prefab
  artifactKey: Guid(919c616d89fe8194facdcc93f4516908) Importer(815301076,1909f56bfc062723c751e8b465ee728b)
Start importing Assets/Asset Libraries/Cryptid - Low Poly Monsters/Contents/Prefabs/Wendigo.prefab using Guid(919c616d89fe8194facdcc93f4516908) Importer(815301076,1909f56bfc062723c751e8b465ee728b)  -> (artifact id: 'db68cb2d9c0bba4b77429dee432d12df') in 0.039398 seconds 
========================================================================
Received Import Request.
  Time since last request: 0.000018 seconds.
  path: Assets/Asset Libraries/Cryptid - Low Poly Monsters/Contents/Prefabs/Spectre.prefab
  artifactKey: Guid(6f490e8ae5b7a6542909123e23ef50bd) Importer(815301076,1909f56bfc062723c751e8b465ee728b)
Start importing Assets/Asset Libraries/Cryptid - Low Poly Monsters/Contents/Prefabs/Spectre.prefab using Guid(6f490e8ae5b7a6542909123e23ef50bd) Importer(815301076,1909f56bfc062723c751e8b465ee728b)  -> (artifact id: '764daf0bff2be130c045a076a1161f8a') in 0.033135 seconds 
========================================================================
Received Import Request.
  Time since last request: 49.155769 seconds.
  path: Assets/Asset Libraries/Kevin Iglesias/Dance Animations/Animations/DancePack@Dance02.fbx
  artifactKey: Guid(011e91f47c50ac647aa9d4bfc804e9b0) Importer(815301076,1909f56bfc062723c751e8b465ee728b)
Start importing Assets/Asset Libraries/Kevin Iglesias/Dance Animations/Animations/DancePack@Dance02.fbx using Guid(011e91f47c50ac647aa9d4bfc804e9b0) Importer(815301076,1909f56bfc062723c751e8b465ee728b)  -> (artifact id: '11f498b374a2d7bd142a00ec852a3212') in 0.038978 seconds 
========================================================================
Received Import Request.
  Time since last request: 0.000015 seconds.
  path: Assets/Asset Libraries/Kevin Iglesias/Dance Animations/Animations/DancePack@Dance05.fbx
  artifactKey: Guid(997da48a30db9864fbf93b569fc2dec8) Importer(815301076,1909f56bfc062723c751e8b465ee728b)
Start importing Assets/Asset Libraries/Kevin Iglesias/Dance Animations/Animations/DancePack@Dance05.fbx using Guid(997da48a30db9864fbf93b569fc2dec8) Importer(815301076,1909f56bfc062723c751e8b465ee728b)  -> (artifact id: 'f83cbd61a3123f38e3bc7952db0fb22f') in 0.015830 seconds 
Editor requested this worker to shutdown with reason: Scaling down because of idle timeout
AssetImportWorker is now disconnected from the server
Process exiting
Exiting without the bug reporter. Application will terminate with return code 0