Using pre-set license
Built from '2021.3/staging' branch; Version is '2021.3.15f1 (e8e88683f834) revision 15263878'; Using compiler version '192829333'; Build Type 'Release'
OS: 'Windows 10  (10.0.19045) 64bit Core' Language: 'en' Physical Memory: 32684 MB
BatchMode: 1, IsHumanControllingUs: 0, StartBugReporterOnCrash: 0, Is64bit: 1, IsPro: 1

COMMAND LINE ARGUMENTS:
C:\Program Files\Unity\Hub\Editor\2021.3.15f1\Editor\Unity.exe
-adb2
-batchMode
-noUpm
-name
AssetImportWorker1
-projectPath
C:/Projects/Delivery Dash
-logFile
Logs/AssetImportWorker1.log
-srvPort
65091
Successfully changed project path to: C:/Projects/Delivery Dash
C:/Projects/Delivery Dash
[UnityMemory] Configuration Parameters - Can be set up in boot.config
    "memorysetup-bucket-allocator-granularity=16"
    "memorysetup-bucket-allocator-bucket-count=8"
    "memorysetup-bucket-allocator-block-size=33554432"
    "memorysetup-bucket-allocator-block-count=8"
    "memorysetup-main-allocator-block-size=16777216"
    "memorysetup-thread-allocator-block-size=16777216"
    "memorysetup-gfx-main-allocator-block-size=16777216"
    "memorysetup-gfx-thread-allocator-block-size=16777216"
    "memorysetup-cache-allocator-block-size=4194304"
    "memorysetup-typetree-allocator-block-size=2097152"
    "memorysetup-profiler-bucket-allocator-granularity=16"
    "memorysetup-profiler-bucket-allocator-bucket-count=8"
    "memorysetup-profiler-bucket-allocator-block-size=33554432"
    "memorysetup-profiler-bucket-allocator-block-count=8"
    "memorysetup-profiler-allocator-block-size=16777216"
    "memorysetup-profiler-editor-allocator-block-size=1048576"
    "memorysetup-temp-allocator-size-main=16777216"
    "memorysetup-job-temp-allocator-block-size=2097152"
    "memorysetup-job-temp-allocator-block-size-background=1048576"
    "memorysetup-job-temp-allocator-reduction-small-platforms=262144"
    "memorysetup-temp-allocator-size-background-worker=32768"
    "memorysetup-temp-allocator-size-job-worker=262144"
    "memorysetup-temp-allocator-size-preload-manager=33554432"
    "memorysetup-temp-allocator-size-nav-mesh-worker=65536"
    "memorysetup-temp-allocator-size-audio-worker=65536"
    "memorysetup-temp-allocator-size-cloud-worker=32768"
    "memorysetup-temp-allocator-size-gi-baking-worker=262144"
    "memorysetup-temp-allocator-size-gfx=262144"
Player connection [34968] Host "[IP] 192.168.0.125 [Port] 0 [Flags] 2 [Guid] 664625119 [EditorId] 664625119 [Version] 1048832 [Id] WindowsEditor(7,DESKTOP-I255MKF) [Debug] 1 [PackageName] WindowsEditor [ProjectName] Editor" joined multi-casting on [225.0.0.222:54997]...

Player connection [34968] Host "[IP] 192.168.0.125 [Port] 0 [Flags] 2 [Guid] 664625119 [EditorId] 664625119 [Version] 1048832 [Id] WindowsEditor(7,DESKTOP-I255MKF) [Debug] 1 [PackageName] WindowsEditor [ProjectName] Editor" joined alternative multi-casting on [225.0.0.222:34997]...

Refreshing native plugins compatible for Editor in 47.92 ms, found 2 plugins.
Preloading 0 native plugins for Editor in 0.00 ms.
Initialize engine version: 2021.3.15f1 (e8e88683f834)
[Subsystems] Discovering subsystems at path C:/Program Files/Unity/Hub/Editor/2021.3.15f1/Editor/Data/Resources/UnitySubsystems
[Subsystems] Discovering subsystems at path C:/Projects/Delivery Dash/Assets
GfxDevice: creating device client; threaded=0; jobified=0
Direct3D:
    Version:  Direct3D 11.0 [level 11.1]
    Renderer: NVIDIA GeForce RTX 2080 SUPER (ID=0x1e81)
    Vendor:   NVIDIA
    VRAM:     8001 MB
    Driver:   31.0.15.3141
Initialize mono
Mono path[0] = 'C:/Program Files/Unity/Hub/Editor/2021.3.15f1/Editor/Data/Managed'
Mono path[1] = 'C:/Program Files/Unity/Hub/Editor/2021.3.15f1/Editor/Data/MonoBleedingEdge/lib/mono/unityjit-win32'
Mono config path = 'C:/Program Files/Unity/Hub/Editor/2021.3.15f1/Editor/Data/MonoBleedingEdge/etc'
Using monoOptions --debugger-agent=transport=dt_socket,embedding=1,server=y,suspend=n,address=127.0.0.1:56468
Begin MonoManager ReloadAssembly
Registering precompiled unity dll's ...
Register platform support module: C:/Program Files/Unity/Hub/Editor/2021.3.15f1/Editor/Data/PlaybackEngines/WebGLSupport/UnityEditor.WebGL.Extensions.dll
Register platform support module: C:/Program Files/Unity/Hub/Editor/2021.3.15f1/Editor/Data/PlaybackEngines/MacStandaloneSupport/UnityEditor.OSXStandalone.Extensions.dll
Register platform support module: C:/Program Files/Unity/Hub/Editor/2021.3.15f1/Editor/Data/PlaybackEngines/WindowsStandaloneSupport/UnityEditor.WindowsStandalone.Extensions.dll
Register platform support module: C:/Program Files/Unity/Hub/Editor/2021.3.15f1/Editor/Data/PlaybackEngines/LinuxStandaloneSupport/UnityEditor.LinuxStandalone.Extensions.dll
Registered in 0.008594 seconds.
Native extension for LinuxStandalone target not found
Native extension for WindowsStandalone target not found
Native extension for OSXStandalone target not found
Native extension for WebGL target not found
Refreshing native plugins compatible for Editor in 43.30 ms, found 2 plugins.
Preloading 0 native plugins for Editor in 0.00 ms.
Mono: successfully reloaded assembly
- Completed reload, in  0.539 seconds
Domain Reload Profiling:
	ReloadAssembly (540ms)
		BeginReloadAssembly (62ms)
			ExecutionOrderSort (0ms)
			DisableScriptedObjects (0ms)
			BackupInstance (0ms)
			ReleaseScriptingObjects (0ms)
			CreateAndSetChildDomain (1ms)
		EndReloadAssembly (379ms)
			LoadAssemblies (61ms)
			RebuildTransferFunctionScriptingTraits (0ms)
			SetupTypeCache (93ms)
			ReleaseScriptCaches (0ms)
			RebuildScriptCaches (26ms)
			SetupLoadedEditorAssemblies (217ms)
				LogAssemblyErrors (0ms)
				InitializePlatformSupportModulesInManaged (12ms)
				SetLoadedEditorAssemblies (0ms)
				RefreshPlugins (43ms)
				BeforeProcessingInitializeOnLoad (1ms)
				ProcessInitializeOnLoadAttributes (121ms)
				ProcessInitializeOnLoadMethodAttributes (39ms)
				AfterProcessingInitializeOnLoad (0ms)
				EditorAssembliesLoaded (0ms)
			ExecutionOrderSort2 (0ms)
			AwakeInstancesAfterBackupRestoration (0ms)
Platform modules already initialized, skipping
Registering precompiled user dll's ...
Registered in 0.002476 seconds.
Begin MonoManager ReloadAssembly
Native extension for LinuxStandalone target not found
Native extension for WindowsStandalone target not found
Native extension for OSXStandalone target not found
Native extension for WebGL target not found
Refreshing native plugins compatible for Editor in 45.43 ms, found 2 plugins.
Preloading 0 native plugins for Editor in 0.00 ms.
Mono: successfully reloaded assembly
- Completed reload, in  0.868 seconds
Domain Reload Profiling:
	ReloadAssembly (869ms)
		BeginReloadAssembly (99ms)
			ExecutionOrderSort (0ms)
			DisableScriptedObjects (5ms)
			BackupInstance (0ms)
			ReleaseScriptingObjects (0ms)
			CreateAndSetChildDomain (18ms)
		EndReloadAssembly (674ms)
			LoadAssemblies (62ms)
			RebuildTransferFunctionScriptingTraits (0ms)
			SetupTypeCache (156ms)
			ReleaseScriptCaches (0ms)
			RebuildScriptCaches (39ms)
			SetupLoadedEditorAssemblies (384ms)
				LogAssemblyErrors (0ms)
				InitializePlatformSupportModulesInManaged (10ms)
				SetLoadedEditorAssemblies (0ms)
				RefreshPlugins (46ms)
				BeforeProcessingInitializeOnLoad (51ms)
				ProcessInitializeOnLoadAttributes (253ms)
				ProcessInitializeOnLoadMethodAttributes (18ms)
				AfterProcessingInitializeOnLoad (7ms)
				EditorAssembliesLoaded (0ms)
			ExecutionOrderSort2 (0ms)
			AwakeInstancesAfterBackupRestoration (5ms)
Platform modules already initialized, skipping
========================================================================
Worker process is ready to serve import requests
Launched and connected shader compiler UnityShaderCompiler.exe after 0.03 seconds
Refreshing native plugins compatible for Editor in 0.89 ms, found 2 plugins.
Preloading 0 native plugins for Editor in 0.00 ms.
Unloading 2017 Unused Serialized files (Serialized files now loaded: 0)
Unloading 52 unused Assets / (1.8 MB). Loaded Objects now: 2490.
Memory consumption went from 189.3 MB to 187.5 MB.
Total: 4.055800 ms (FindLiveObjects: 0.227000 ms CreateObjectMapping: 0.146800 ms MarkObjects: 3.114900 ms  DeleteObjects: 0.566000 ms)

AssetImportParameters requested are different than current active one (requested -> active):
  custom:video-decoder-ogg-theora: a1e56fd34408186e4bbccfd4996cb3dc -> 
  custom:container-muxer-webm: aa71ff27fc2769a1b78a27578f13a17b -> 
  custom:container-demuxer-webm: 4f35f7cbe854078d1ac9338744f61a02 -> 
  custom:video-encoder-webm-vp8: eb34c28f22e8b96e1ab97ce403110664 -> 
  custom:audio-encoder-webm-vorbis: bf7c407c2cedff20999df2af8eb42d56 -> 
  custom:framework-win-MediaFoundation: 216162199b28c13a410421893ffa2e32 -> 
  custom:container-demuxer-ogg: 62fdf1f143b41e24485cea50d1cbac27 -> 
  custom:video-decoder-webm-vp8: 9c59270c3fd7afecdb556c50c9e8de78 -> 
  custom:audio-decoder-ogg-vorbis: bf7c407c2cedff20999df2af8eb42d56 -> 
========================================================================
Received Import Request.
  Time since last request: 1640216.893147 seconds.
  path: Assets/Prefabs/CashAddFloater.prefab
  artifactKey: Guid(0f3370df008938b4dbc49d1b0304ad6c) Importer(815301076,1909f56bfc062723c751e8b465ee728b)
Start importing Assets/Prefabs/CashAddFloater.prefab using Guid(0f3370df008938b4dbc49d1b0304ad6c) Importer(815301076,1909f56bfc062723c751e8b465ee728b)  -> (artifact id: '0db3d0dafc4382007fdb0d31fdd0d22e') in 0.092959 seconds 
========================================================================
Received Prepare
Registering precompiled user dll's ...
Registered in 0.002350 seconds.
Begin MonoManager ReloadAssembly
Native extension for LinuxStandalone target not found
Native extension for WindowsStandalone target not found
Native extension for OSXStandalone target not found
Native extension for WebGL target not found
Refreshing native plugins compatible for Editor in 0.71 ms, found 2 plugins.
Preloading 0 native plugins for Editor in 0.00 ms.
Mono: successfully reloaded assembly
- Completed reload, in  0.800 seconds
Domain Reload Profiling:
	ReloadAssembly (800ms)
		BeginReloadAssembly (104ms)
			ExecutionOrderSort (0ms)
			DisableScriptedObjects (5ms)
			BackupInstance (0ms)
			ReleaseScriptingObjects (0ms)
			CreateAndSetChildDomain (26ms)
		EndReloadAssembly (616ms)
			LoadAssemblies (63ms)
			RebuildTransferFunctionScriptingTraits (0ms)
			SetupTypeCache (155ms)
			ReleaseScriptCaches (1ms)
			RebuildScriptCaches (35ms)
			SetupLoadedEditorAssemblies (329ms)
				LogAssemblyErrors (0ms)
				InitializePlatformSupportModulesInManaged (18ms)
				SetLoadedEditorAssemblies (0ms)
				RefreshPlugins (1ms)
				BeforeProcessingInitializeOnLoad (44ms)
				ProcessInitializeOnLoadAttributes (239ms)
				ProcessInitializeOnLoadMethodAttributes (20ms)
				AfterProcessingInitializeOnLoad (6ms)
				EditorAssembliesLoaded (0ms)
			ExecutionOrderSort2 (0ms)
			AwakeInstancesAfterBackupRestoration (5ms)
Platform modules already initialized, skipping
Refreshing native plugins compatible for Editor in 1.61 ms, found 2 plugins.
Preloading 0 native plugins for Editor in 0.00 ms.
Unloading 1931 Unused Serialized files (Serialized files now loaded: 0)
Unloading 35 unused Assets / (1.8 MB). Loaded Objects now: 2494.
Memory consumption went from 180.8 MB to 179.0 MB.
Total: 2.918500 ms (FindLiveObjects: 0.190000 ms CreateObjectMapping: 0.089300 ms MarkObjects: 2.278800 ms  DeleteObjects: 0.359700 ms)

AssetImportParameters requested are different than current active one (requested -> active):
  custom:video-decoder-ogg-theora: a1e56fd34408186e4bbccfd4996cb3dc -> 
  custom:container-muxer-webm: aa71ff27fc2769a1b78a27578f13a17b -> 
  custom:container-demuxer-webm: 4f35f7cbe854078d1ac9338744f61a02 -> 
  custom:video-encoder-webm-vp8: eb34c28f22e8b96e1ab97ce403110664 -> 
  custom:audio-encoder-webm-vorbis: bf7c407c2cedff20999df2af8eb42d56 -> 
  custom:framework-win-MediaFoundation: 216162199b28c13a410421893ffa2e32 -> 
  custom:container-demuxer-ogg: 62fdf1f143b41e24485cea50d1cbac27 -> 
  custom:video-decoder-webm-vp8: 9c59270c3fd7afecdb556c50c9e8de78 -> 
  custom:audio-decoder-ogg-vorbis: bf7c407c2cedff20999df2af8eb42d56 -> 
========================================================================
Received Import Request.
  Time since last request: 742.859700 seconds.
  path: Assets/Asset Libraries/Borealis - Low Poly Tundra/Contents/Prefabs/Ice/Ice Cliff 2.prefab
  artifactKey: Guid(001588250a453214fb8d00cee31581e3) Importer(815301076,1909f56bfc062723c751e8b465ee728b)
Start importing Assets/Asset Libraries/Borealis - Low Poly Tundra/Contents/Prefabs/Ice/Ice Cliff 2.prefab using Guid(001588250a453214fb8d00cee31581e3) Importer(815301076,1909f56bfc062723c751e8b465ee728b)  -> (artifact id: '933b3da03895e9ff032dd3347a52d18c') in 0.097504 seconds 
========================================================================
Received Import Request.
  Time since last request: 0.000020 seconds.
  path: Assets/Asset Libraries/Borealis - Low Poly Tundra/Contents/Prefabs/Ice/Ice Piece 8.prefab
  artifactKey: Guid(926f2f8350e036f4b9ea2574787b247b) Importer(815301076,1909f56bfc062723c751e8b465ee728b)
Start importing Assets/Asset Libraries/Borealis - Low Poly Tundra/Contents/Prefabs/Ice/Ice Piece 8.prefab using Guid(926f2f8350e036f4b9ea2574787b247b) Importer(815301076,1909f56bfc062723c751e8b465ee728b)  -> (artifact id: '3648672246e55c18faae19bb16762875') in 0.015477 seconds 
========================================================================
Received Import Request.
  Time since last request: 0.000031 seconds.
  path: Assets/Asset Libraries/Borealis - Low Poly Tundra/Contents/Prefabs/Ice/Ice Piece 13.prefab
  artifactKey: Guid(1442cf42b810b104aa4bcd760e48cabc) Importer(815301076,1909f56bfc062723c751e8b465ee728b)
Start importing Assets/Asset Libraries/Borealis - Low Poly Tundra/Contents/Prefabs/Ice/Ice Piece 13.prefab using Guid(1442cf42b810b104aa4bcd760e48cabc) Importer(815301076,1909f56bfc062723c751e8b465ee728b)  -> (artifact id: 'b62beb9b791611f1eafca80ba5506af8') in 0.028431 seconds 
========================================================================
Received Import Request.
  Time since last request: 0.000016 seconds.
  path: Assets/Asset Libraries/Borealis - Low Poly Tundra/Contents/Prefabs/Ice/Iceberg 2.prefab
  artifactKey: Guid(35b707a70cd466b4db48c7f3c03b0764) Importer(815301076,1909f56bfc062723c751e8b465ee728b)
Start importing Assets/Asset Libraries/Borealis - Low Poly Tundra/Contents/Prefabs/Ice/Iceberg 2.prefab using Guid(35b707a70cd466b4db48c7f3c03b0764) Importer(815301076,1909f56bfc062723c751e8b465ee728b)  -> (artifact id: '722b69c65dc20029d316a989383a9026') in 0.030668 seconds 
========================================================================
Received Import Request.
  Time since last request: 0.000016 seconds.
  path: Assets/Asset Libraries/Borealis - Low Poly Tundra/Contents/Prefabs/Ice/Ice Piece 5.prefab
  artifactKey: Guid(cf09a1994c61b944885b02ef57950201) Importer(815301076,1909f56bfc062723c751e8b465ee728b)
Start importing Assets/Asset Libraries/Borealis - Low Poly Tundra/Contents/Prefabs/Ice/Ice Piece 5.prefab using Guid(cf09a1994c61b944885b02ef57950201) Importer(815301076,1909f56bfc062723c751e8b465ee728b)  -> (artifact id: 'eb309aa2b845b14fc67942aa807e4b12') in 0.031053 seconds 
========================================================================
Received Import Request.
  Time since last request: 0.000022 seconds.
  path: Assets/Asset Libraries/Borealis - Low Poly Tundra/Contents/Prefabs/Ice/Ice Piece 2.prefab
  artifactKey: Guid(837e764ddd1f35c45a0600af06275550) Importer(815301076,1909f56bfc062723c751e8b465ee728b)
Start importing Assets/Asset Libraries/Borealis - Low Poly Tundra/Contents/Prefabs/Ice/Ice Piece 2.prefab using Guid(837e764ddd1f35c45a0600af06275550) Importer(815301076,1909f56bfc062723c751e8b465ee728b)  -> (artifact id: '0befa268e363d2d06975148053d65991') in 0.026236 seconds 
========================================================================
Received Import Request.
  Time since last request: 0.000016 seconds.
  path: Assets/Asset Libraries/Borealis - Low Poly Tundra/Contents/Prefabs/Ice/Ice Piece.prefab
  artifactKey: Guid(52f13b9cd1106d64eb2cde3095a5f3b7) Importer(815301076,1909f56bfc062723c751e8b465ee728b)
Start importing Assets/Asset Libraries/Borealis - Low Poly Tundra/Contents/Prefabs/Ice/Ice Piece.prefab using Guid(52f13b9cd1106d64eb2cde3095a5f3b7) Importer(815301076,1909f56bfc062723c751e8b465ee728b)  -> (artifact id: '3949d736d57914af071e24fd51b74e95') in 0.020419 seconds 
========================================================================
Received Import Request.
  Time since last request: 0.810427 seconds.
  path: Assets/Asset Libraries/Borealis - Low Poly Tundra/Contents/Prefabs/Character Props/Ski Pole.prefab
  artifactKey: Guid(579e5d23ead26ce47bf9730afe02dc1b) Importer(815301076,1909f56bfc062723c751e8b465ee728b)
Start importing Assets/Asset Libraries/Borealis - Low Poly Tundra/Contents/Prefabs/Character Props/Ski Pole.prefab using Guid(579e5d23ead26ce47bf9730afe02dc1b) Importer(815301076,1909f56bfc062723c751e8b465ee728b)  -> (artifact id: 'a9a2a43dee5a46fe26b39e6fb2431b59') in 0.014245 seconds 
========================================================================
Received Import Request.
  Time since last request: 0.000022 seconds.
  path: Assets/Asset Libraries/Borealis - Low Poly Tundra/Contents/Prefabs/Character Props/Ski.prefab
  artifactKey: Guid(572b2469b2c95bb4fa721205c27a5254) Importer(815301076,1909f56bfc062723c751e8b465ee728b)
Start importing Assets/Asset Libraries/Borealis - Low Poly Tundra/Contents/Prefabs/Character Props/Ski.prefab using Guid(572b2469b2c95bb4fa721205c27a5254) Importer(815301076,1909f56bfc062723c751e8b465ee728b)  -> (artifact id: 'b2397f45870bfbc2507557cda4e44dc5') in 0.011685 seconds 
Editor requested this worker to shutdown with reason: Scaling down because of idle timeout
AssetImportWorker is now disconnected from the server
Process exiting
Exiting without the bug reporter. Application will terminate with return code 0