Using pre-set license
Built from '2021.3/staging' branch; Version is '2021.3.15f1 (e8e88683f834) revision 15263878'; Using compiler version '192829333'; Build Type 'Release'
OS: 'Windows 10  (10.0.19045) 64bit Core' Language: 'en' Physical Memory: 32684 MB
BatchMode: 1, IsHumanControllingUs: 0, StartBugReporterOnCrash: 0, Is64bit: 1, IsPro: 1

COMMAND LINE ARGUMENTS:
C:\Program Files\Unity\Hub\Editor\2021.3.15f1\Editor\Unity.exe
-adb2
-batchMode
-noUpm
-name
AssetImportWorker0
-projectPath
C:/Projects/Delivery Dash
-logFile
Logs/AssetImportWorker0.log
-srvPort
65091
Successfully changed project path to: C:/Projects/Delivery Dash
C:/Projects/Delivery Dash
[UnityMemory] Configuration Parameters - Can be set up in boot.config
    "memorysetup-bucket-allocator-granularity=16"
    "memorysetup-bucket-allocator-bucket-count=8"
    "memorysetup-bucket-allocator-block-size=33554432"
    "memorysetup-bucket-allocator-block-count=8"
    "memorysetup-main-allocator-block-size=16777216"
    "memorysetup-thread-allocator-block-size=16777216"
    "memorysetup-gfx-main-allocator-block-size=16777216"
    "memorysetup-gfx-thread-allocator-block-size=16777216"
    "memorysetup-cache-allocator-block-size=4194304"
    "memorysetup-typetree-allocator-block-size=2097152"
    "memorysetup-profiler-bucket-allocator-granularity=16"
    "memorysetup-profiler-bucket-allocator-bucket-count=8"
    "memorysetup-profiler-bucket-allocator-block-size=33554432"
    "memorysetup-profiler-bucket-allocator-block-count=8"
    "memorysetup-profiler-allocator-block-size=16777216"
    "memorysetup-profiler-editor-allocator-block-size=1048576"
    "memorysetup-temp-allocator-size-main=16777216"
    "memorysetup-job-temp-allocator-block-size=2097152"
    "memorysetup-job-temp-allocator-block-size-background=1048576"
    "memorysetup-job-temp-allocator-reduction-small-platforms=262144"
    "memorysetup-temp-allocator-size-background-worker=32768"
    "memorysetup-temp-allocator-size-job-worker=262144"
    "memorysetup-temp-allocator-size-preload-manager=33554432"
    "memorysetup-temp-allocator-size-nav-mesh-worker=65536"
    "memorysetup-temp-allocator-size-audio-worker=65536"
    "memorysetup-temp-allocator-size-cloud-worker=32768"
    "memorysetup-temp-allocator-size-gi-baking-worker=262144"
    "memorysetup-temp-allocator-size-gfx=262144"
Player connection [40456] Host "[IP] 192.168.0.125 [Port] 0 [Flags] 2 [Guid] 1304829612 [EditorId] 1304829612 [Version] 1048832 [Id] WindowsEditor(7,DESKTOP-I255MKF) [Debug] 1 [PackageName] WindowsEditor [ProjectName] Editor" joined multi-casting on [225.0.0.222:54997]...

Player connection [40456] Host "[IP] 192.168.0.125 [Port] 0 [Flags] 2 [Guid] 1304829612 [EditorId] 1304829612 [Version] 1048832 [Id] WindowsEditor(7,DESKTOP-I255MKF) [Debug] 1 [PackageName] WindowsEditor [ProjectName] Editor" joined alternative multi-casting on [225.0.0.222:34997]...

Refreshing native plugins compatible for Editor in 47.73 ms, found 2 plugins.
Preloading 0 native plugins for Editor in 0.00 ms.
Initialize engine version: 2021.3.15f1 (e8e88683f834)
[Subsystems] Discovering subsystems at path C:/Program Files/Unity/Hub/Editor/2021.3.15f1/Editor/Data/Resources/UnitySubsystems
[Subsystems] Discovering subsystems at path C:/Projects/Delivery Dash/Assets
GfxDevice: creating device client; threaded=0; jobified=0
Direct3D:
    Version:  Direct3D 11.0 [level 11.1]
    Renderer: NVIDIA GeForce RTX 2080 SUPER (ID=0x1e81)
    Vendor:   NVIDIA
    VRAM:     8001 MB
    Driver:   31.0.15.3141
Initialize mono
Mono path[0] = 'C:/Program Files/Unity/Hub/Editor/2021.3.15f1/Editor/Data/Managed'
Mono path[1] = 'C:/Program Files/Unity/Hub/Editor/2021.3.15f1/Editor/Data/MonoBleedingEdge/lib/mono/unityjit-win32'
Mono config path = 'C:/Program Files/Unity/Hub/Editor/2021.3.15f1/Editor/Data/MonoBleedingEdge/etc'
Using monoOptions --debugger-agent=transport=dt_socket,embedding=1,server=y,suspend=n,address=127.0.0.1:56112
Begin MonoManager ReloadAssembly
Registering precompiled unity dll's ...
Register platform support module: C:/Program Files/Unity/Hub/Editor/2021.3.15f1/Editor/Data/PlaybackEngines/WebGLSupport/UnityEditor.WebGL.Extensions.dll
Register platform support module: C:/Program Files/Unity/Hub/Editor/2021.3.15f1/Editor/Data/PlaybackEngines/MacStandaloneSupport/UnityEditor.OSXStandalone.Extensions.dll
Register platform support module: C:/Program Files/Unity/Hub/Editor/2021.3.15f1/Editor/Data/PlaybackEngines/WindowsStandaloneSupport/UnityEditor.WindowsStandalone.Extensions.dll
Register platform support module: C:/Program Files/Unity/Hub/Editor/2021.3.15f1/Editor/Data/PlaybackEngines/LinuxStandaloneSupport/UnityEditor.LinuxStandalone.Extensions.dll
Registered in 0.008624 seconds.
Native extension for LinuxStandalone target not found
Native extension for WindowsStandalone target not found
Native extension for OSXStandalone target not found
Native extension for WebGL target not found
Refreshing native plugins compatible for Editor in 44.35 ms, found 2 plugins.
Preloading 0 native plugins for Editor in 0.00 ms.
Mono: successfully reloaded assembly
- Completed reload, in  0.543 seconds
Domain Reload Profiling:
	ReloadAssembly (543ms)
		BeginReloadAssembly (62ms)
			ExecutionOrderSort (0ms)
			DisableScriptedObjects (0ms)
			BackupInstance (0ms)
			ReleaseScriptingObjects (0ms)
			CreateAndSetChildDomain (1ms)
		EndReloadAssembly (383ms)
			LoadAssemblies (60ms)
			RebuildTransferFunctionScriptingTraits (0ms)
			SetupTypeCache (94ms)
			ReleaseScriptCaches (0ms)
			RebuildScriptCaches (23ms)
			SetupLoadedEditorAssemblies (223ms)
				LogAssemblyErrors (0ms)
				InitializePlatformSupportModulesInManaged (13ms)
				SetLoadedEditorAssemblies (0ms)
				RefreshPlugins (44ms)
				BeforeProcessingInitializeOnLoad (1ms)
				ProcessInitializeOnLoadAttributes (120ms)
				ProcessInitializeOnLoadMethodAttributes (45ms)
				AfterProcessingInitializeOnLoad (0ms)
				EditorAssembliesLoaded (0ms)
			ExecutionOrderSort2 (0ms)
			AwakeInstancesAfterBackupRestoration (0ms)
Platform modules already initialized, skipping
Registering precompiled user dll's ...
Registered in 0.002471 seconds.
Begin MonoManager ReloadAssembly
Native extension for LinuxStandalone target not found
Native extension for WindowsStandalone target not found
Native extension for OSXStandalone target not found
Native extension for WebGL target not found
Refreshing native plugins compatible for Editor in 45.57 ms, found 2 plugins.
Preloading 0 native plugins for Editor in 0.00 ms.
Mono: successfully reloaded assembly
- Completed reload, in  0.866 seconds
Domain Reload Profiling:
	ReloadAssembly (867ms)
		BeginReloadAssembly (95ms)
			ExecutionOrderSort (0ms)
			DisableScriptedObjects (5ms)
			BackupInstance (0ms)
			ReleaseScriptingObjects (0ms)
			CreateAndSetChildDomain (17ms)
		EndReloadAssembly (675ms)
			LoadAssemblies (64ms)
			RebuildTransferFunctionScriptingTraits (0ms)
			SetupTypeCache (157ms)
			ReleaseScriptCaches (0ms)
			RebuildScriptCaches (39ms)
			SetupLoadedEditorAssemblies (383ms)
				LogAssemblyErrors (0ms)
				InitializePlatformSupportModulesInManaged (10ms)
				SetLoadedEditorAssemblies (0ms)
				RefreshPlugins (46ms)
				BeforeProcessingInitializeOnLoad (51ms)
				ProcessInitializeOnLoadAttributes (252ms)
				ProcessInitializeOnLoadMethodAttributes (18ms)
				AfterProcessingInitializeOnLoad (6ms)
				EditorAssembliesLoaded (0ms)
			ExecutionOrderSort2 (0ms)
			AwakeInstancesAfterBackupRestoration (5ms)
Platform modules already initialized, skipping
========================================================================
Worker process is ready to serve import requests
Launched and connected shader compiler UnityShaderCompiler.exe after 0.03 seconds
Refreshing native plugins compatible for Editor in 0.87 ms, found 2 plugins.
Preloading 0 native plugins for Editor in 0.00 ms.
Unloading 2017 Unused Serialized files (Serialized files now loaded: 0)
Unloading 52 unused Assets / (1.8 MB). Loaded Objects now: 2490.
Memory consumption went from 189.3 MB to 187.5 MB.
Total: 3.031400 ms (FindLiveObjects: 0.202100 ms CreateObjectMapping: 0.124100 ms MarkObjects: 2.325100 ms  DeleteObjects: 0.379200 ms)

AssetImportParameters requested are different than current active one (requested -> active):
  custom:video-decoder-ogg-theora: a1e56fd34408186e4bbccfd4996cb3dc -> 
  custom:container-muxer-webm: aa71ff27fc2769a1b78a27578f13a17b -> 
  custom:container-demuxer-webm: 4f35f7cbe854078d1ac9338744f61a02 -> 
  custom:video-encoder-webm-vp8: eb34c28f22e8b96e1ab97ce403110664 -> 
  custom:audio-encoder-webm-vorbis: bf7c407c2cedff20999df2af8eb42d56 -> 
  custom:framework-win-MediaFoundation: 216162199b28c13a410421893ffa2e32 -> 
  custom:container-demuxer-ogg: 62fdf1f143b41e24485cea50d1cbac27 -> 
  custom:video-decoder-webm-vp8: 9c59270c3fd7afecdb556c50c9e8de78 -> 
  custom:audio-decoder-ogg-vorbis: bf7c407c2cedff20999df2af8eb42d56 -> 
========================================================================
Received Prepare
Registering precompiled user dll's ...
Registered in 0.002327 seconds.
Begin MonoManager ReloadAssembly
Native extension for LinuxStandalone target not found
Native extension for WindowsStandalone target not found
Native extension for OSXStandalone target not found
Native extension for WebGL target not found
Refreshing native plugins compatible for Editor in 0.70 ms, found 2 plugins.
Preloading 0 native plugins for Editor in 0.00 ms.
Mono: successfully reloaded assembly
- Completed reload, in  0.806 seconds
Domain Reload Profiling:
	ReloadAssembly (806ms)
		BeginReloadAssembly (104ms)
			ExecutionOrderSort (0ms)
			DisableScriptedObjects (5ms)
			BackupInstance (0ms)
			ReleaseScriptingObjects (0ms)
			CreateAndSetChildDomain (26ms)
		EndReloadAssembly (621ms)
			LoadAssemblies (61ms)
			RebuildTransferFunctionScriptingTraits (0ms)
			SetupTypeCache (157ms)
			ReleaseScriptCaches (1ms)
			RebuildScriptCaches (35ms)
			SetupLoadedEditorAssemblies (332ms)
				LogAssemblyErrors (0ms)
				InitializePlatformSupportModulesInManaged (19ms)
				SetLoadedEditorAssemblies (0ms)
				RefreshPlugins (1ms)
				BeforeProcessingInitializeOnLoad (45ms)
				ProcessInitializeOnLoadAttributes (240ms)
				ProcessInitializeOnLoadMethodAttributes (21ms)
				AfterProcessingInitializeOnLoad (7ms)
				EditorAssembliesLoaded (0ms)
			ExecutionOrderSort2 (0ms)
			AwakeInstancesAfterBackupRestoration (6ms)
Platform modules already initialized, skipping
Refreshing native plugins compatible for Editor in 1.71 ms, found 2 plugins.
Preloading 0 native plugins for Editor in 0.00 ms.
Unloading 1931 Unused Serialized files (Serialized files now loaded: 0)
Unloading 35 unused Assets / (1.8 MB). Loaded Objects now: 2493.
Memory consumption went from 180.7 MB to 178.9 MB.
Total: 2.881100 ms (FindLiveObjects: 0.184900 ms CreateObjectMapping: 0.086100 ms MarkObjects: 2.336400 ms  DeleteObjects: 0.273000 ms)

AssetImportParameters requested are different than current active one (requested -> active):
  custom:video-decoder-ogg-theora: a1e56fd34408186e4bbccfd4996cb3dc -> 
  custom:container-muxer-webm: aa71ff27fc2769a1b78a27578f13a17b -> 
  custom:container-demuxer-webm: 4f35f7cbe854078d1ac9338744f61a02 -> 
  custom:video-encoder-webm-vp8: eb34c28f22e8b96e1ab97ce403110664 -> 
  custom:audio-encoder-webm-vorbis: bf7c407c2cedff20999df2af8eb42d56 -> 
  custom:framework-win-MediaFoundation: 216162199b28c13a410421893ffa2e32 -> 
  custom:container-demuxer-ogg: 62fdf1f143b41e24485cea50d1cbac27 -> 
  custom:video-decoder-webm-vp8: 9c59270c3fd7afecdb556c50c9e8de78 -> 
  custom:audio-decoder-ogg-vorbis: bf7c407c2cedff20999df2af8eb42d56 -> 
========================================================================
Received Import Request.
  Time since last request: 1640629.022967 seconds.
  path: Assets/Asset Libraries/Borealis - Low Poly Tundra/Contents/Prefabs/Materials/MazeLowMan.mat
  artifactKey: Guid(5ca270c137c844342a01ecc308378764) Importer(815301076,1909f56bfc062723c751e8b465ee728b)
Start importing Assets/Asset Libraries/Borealis - Low Poly Tundra/Contents/Prefabs/Materials/MazeLowMan.mat using Guid(5ca270c137c844342a01ecc308378764) Importer(815301076,1909f56bfc062723c751e8b465ee728b)  -> (artifact id: '504b39dc9902a0d6400a89d41cedff5f') in 0.102928 seconds 
========================================================================
Received Import Request.
  Time since last request: 22.189942 seconds.
  path: Assets/Asset Libraries/Traverse - Low Poly Survival/Scenes/Assets
  artifactKey: Guid(0048d63b5c50b3343b139fb0373f5c32) Importer(815301076,1909f56bfc062723c751e8b465ee728b)
Start importing Assets/Asset Libraries/Traverse - Low Poly Survival/Scenes/Assets using Guid(0048d63b5c50b3343b139fb0373f5c32) Importer(815301076,1909f56bfc062723c751e8b465ee728b)  -> (artifact id: '7c98d6e664c94cf40817e46bb9a824a9') in 0.006962 seconds 
========================================================================
Received Import Request.
  Time since last request: 0.050686 seconds.
  path: Assets/Asset Libraries/Traverse - Low Poly Survival/Scenes/Assets/New Terrain.asset
  artifactKey: Guid(24a944ee3fcdc944eb79fc3d3cca19c7) Importer(815301076,1909f56bfc062723c751e8b465ee728b)
Start importing Assets/Asset Libraries/Traverse - Low Poly Survival/Scenes/Assets/New Terrain.asset using Guid(24a944ee3fcdc944eb79fc3d3cca19c7) Importer(815301076,1909f56bfc062723c751e8b465ee728b)  -> (artifact id: 'e9f6ff42ba7e8d44bc978fe8dafd3f2a') in 0.033238 seconds 
========================================================================
Received Import Request.
  Time since last request: 11.944404 seconds.
  path: Assets/Asset Libraries/Traverse - Low Poly Survival/Contents/Prefabs/Characters
  artifactKey: Guid(1b3c6e3f15873fe44960fc04c5ef339d) Importer(815301076,1909f56bfc062723c751e8b465ee728b)
Start importing Assets/Asset Libraries/Traverse - Low Poly Survival/Contents/Prefabs/Characters using Guid(1b3c6e3f15873fe44960fc04c5ef339d) Importer(815301076,1909f56bfc062723c751e8b465ee728b)  -> (artifact id: '477315ca915ea9d999b2a276aeea9548') in 0.006236 seconds 
========================================================================
Received Import Request.
  Time since last request: 296.476149 seconds.
  path: Assets/Asset Libraries/Borealis - Low Poly Tundra/Contents/Prefabs/Ice/Ice Cliff 1.prefab
  artifactKey: Guid(90f98abef20dbfd4db31feb7de7d97dc) Importer(815301076,1909f56bfc062723c751e8b465ee728b)
Start importing Assets/Asset Libraries/Borealis - Low Poly Tundra/Contents/Prefabs/Ice/Ice Cliff 1.prefab using Guid(90f98abef20dbfd4db31feb7de7d97dc) Importer(815301076,1909f56bfc062723c751e8b465ee728b)  -> (artifact id: 'b80b4873f6ae6780458815cc5ca9be4b') in 0.032250 seconds 
========================================================================
Received Import Request.
  Time since last request: 0.003291 seconds.
  path: Assets/Asset Libraries/Borealis - Low Poly Tundra/Contents/Prefabs/Ice/Ice Piece 3.prefab
  artifactKey: Guid(0ca208feac07488429d0cc60435c814e) Importer(815301076,1909f56bfc062723c751e8b465ee728b)
Start importing Assets/Asset Libraries/Borealis - Low Poly Tundra/Contents/Prefabs/Ice/Ice Piece 3.prefab using Guid(0ca208feac07488429d0cc60435c814e) Importer(815301076,1909f56bfc062723c751e8b465ee728b)  -> (artifact id: 'ba139a1eb2e67dc86cb4af84ce0d7946') in 0.013139 seconds 
========================================================================
Received Import Request.
  Time since last request: 0.000016 seconds.
  path: Assets/Asset Libraries/Borealis - Low Poly Tundra/Contents/Prefabs/Ice/Ice Piece 6.prefab
  artifactKey: Guid(670ace13f832e904da8bf3120bbae8c7) Importer(815301076,1909f56bfc062723c751e8b465ee728b)
Start importing Assets/Asset Libraries/Borealis - Low Poly Tundra/Contents/Prefabs/Ice/Ice Piece 6.prefab using Guid(670ace13f832e904da8bf3120bbae8c7) Importer(815301076,1909f56bfc062723c751e8b465ee728b)  -> (artifact id: '8f3d3900fab36705c771c12f5619e444') in 0.010804 seconds 
========================================================================
Received Import Request.
  Time since last request: 0.000019 seconds.
  path: Assets/Asset Libraries/Borealis - Low Poly Tundra/Contents/Prefabs/Ice/Ice Piece 11.prefab
  artifactKey: Guid(b342c0c69f0064b4d943875d58fa95b3) Importer(815301076,1909f56bfc062723c751e8b465ee728b)
Start importing Assets/Asset Libraries/Borealis - Low Poly Tundra/Contents/Prefabs/Ice/Ice Piece 11.prefab using Guid(b342c0c69f0064b4d943875d58fa95b3) Importer(815301076,1909f56bfc062723c751e8b465ee728b)  -> (artifact id: 'e7440c48f8a43bc0337470f7897a4b4b') in 0.010509 seconds 
========================================================================
Received Import Request.
  Time since last request: 0.000016 seconds.
  path: Assets/Asset Libraries/Borealis - Low Poly Tundra/Contents/Prefabs/Ice/Ice Piece 12.prefab
  artifactKey: Guid(1f63140361e823945adef86bac36ba4b) Importer(815301076,1909f56bfc062723c751e8b465ee728b)
Start importing Assets/Asset Libraries/Borealis - Low Poly Tundra/Contents/Prefabs/Ice/Ice Piece 12.prefab using Guid(1f63140361e823945adef86bac36ba4b) Importer(815301076,1909f56bfc062723c751e8b465ee728b)  -> (artifact id: '26a4d09228113bee8cbd7561e9c47037') in 0.010882 seconds 
========================================================================
Received Import Request.
  Time since last request: 0.000019 seconds.
  path: Assets/Asset Libraries/Borealis - Low Poly Tundra/Contents/Prefabs/Ice/Iceberg 1.prefab
  artifactKey: Guid(3e2c97b370b921b40aaf8f0b113ff92b) Importer(815301076,1909f56bfc062723c751e8b465ee728b)
Start importing Assets/Asset Libraries/Borealis - Low Poly Tundra/Contents/Prefabs/Ice/Iceberg 1.prefab using Guid(3e2c97b370b921b40aaf8f0b113ff92b) Importer(815301076,1909f56bfc062723c751e8b465ee728b)  -> (artifact id: '80cb8d59cfaa84d39f577fb7941a1f81') in 0.026608 seconds 
========================================================================
Received Import Request.
  Time since last request: 0.000015 seconds.
  path: Assets/Asset Libraries/Borealis - Low Poly Tundra/Contents/Prefabs/Ice/Ice Cliff 3.prefab
  artifactKey: Guid(2d64c79cc3398ae4596d695d92c83961) Importer(815301076,1909f56bfc062723c751e8b465ee728b)
Start importing Assets/Asset Libraries/Borealis - Low Poly Tundra/Contents/Prefabs/Ice/Ice Cliff 3.prefab using Guid(2d64c79cc3398ae4596d695d92c83961) Importer(815301076,1909f56bfc062723c751e8b465ee728b)  -> (artifact id: '6ce164cd3b92d6949af620460d194bf6') in 0.028900 seconds 
========================================================================
Received Import Request.
  Time since last request: 0.000014 seconds.
  path: Assets/Asset Libraries/Borealis - Low Poly Tundra/Contents/Prefabs/Ice/Ice Piece 7.prefab
  artifactKey: Guid(7d10b00d7701db848a5d9981e62da5bb) Importer(815301076,1909f56bfc062723c751e8b465ee728b)
Start importing Assets/Asset Libraries/Borealis - Low Poly Tundra/Contents/Prefabs/Ice/Ice Piece 7.prefab using Guid(7d10b00d7701db848a5d9981e62da5bb) Importer(815301076,1909f56bfc062723c751e8b465ee728b)  -> (artifact id: '3c15fe845b68a18d7760358e1ee939cf') in 0.030490 seconds 
========================================================================
Received Import Request.
  Time since last request: 0.000014 seconds.
  path: Assets/Asset Libraries/Borealis - Low Poly Tundra/Contents/Prefabs/Ice/Ice Piece 9.prefab
  artifactKey: Guid(1110f47019fb2914c89a932e066000a0) Importer(815301076,1909f56bfc062723c751e8b465ee728b)
Start importing Assets/Asset Libraries/Borealis - Low Poly Tundra/Contents/Prefabs/Ice/Ice Piece 9.prefab using Guid(1110f47019fb2914c89a932e066000a0) Importer(815301076,1909f56bfc062723c751e8b465ee728b)  -> (artifact id: '4edb2781df7e2e4e29dc1d33ccc67253') in 0.031355 seconds 
========================================================================
Received Import Request.
  Time since last request: 0.000023 seconds.
  path: Assets/Asset Libraries/Borealis - Low Poly Tundra/Contents/Prefabs/Ice/Ice Piece 4.prefab
  artifactKey: Guid(84e0aa9b9f0e0104290661ce52ac671d) Importer(815301076,1909f56bfc062723c751e8b465ee728b)
Start importing Assets/Asset Libraries/Borealis - Low Poly Tundra/Contents/Prefabs/Ice/Ice Piece 4.prefab using Guid(84e0aa9b9f0e0104290661ce52ac671d) Importer(815301076,1909f56bfc062723c751e8b465ee728b)  -> (artifact id: '9ba3efe0f80e9053d874f5345a0a998a') in 0.025170 seconds 
========================================================================
Received Import Request.
  Time since last request: 0.000019 seconds.
  path: Assets/Asset Libraries/Borealis - Low Poly Tundra/Contents/Prefabs/Ice/Ice Piece 10.prefab
  artifactKey: Guid(5f7f26d162c413a4d9c47663243f5279) Importer(815301076,1909f56bfc062723c751e8b465ee728b)
Start importing Assets/Asset Libraries/Borealis - Low Poly Tundra/Contents/Prefabs/Ice/Ice Piece 10.prefab using Guid(5f7f26d162c413a4d9c47663243f5279) Importer(815301076,1909f56bfc062723c751e8b465ee728b)  -> (artifact id: 'b4b31a1a5f297408827d90480deb421e') in 0.019894 seconds 
========================================================================
Received Import Request.
  Time since last request: 0.807317 seconds.
  path: Assets/Asset Libraries/Borealis - Low Poly Tundra/Contents/Prefabs/Character Props/Ski Goggles.prefab
  artifactKey: Guid(a6f551d018624854fa78f402b16fe5ee) Importer(815301076,1909f56bfc062723c751e8b465ee728b)
Start importing Assets/Asset Libraries/Borealis - Low Poly Tundra/Contents/Prefabs/Character Props/Ski Goggles.prefab using Guid(a6f551d018624854fa78f402b16fe5ee) Importer(815301076,1909f56bfc062723c751e8b465ee728b)  -> (artifact id: '9343369fc335ca2284c9ad2619de494d') in 0.014755 seconds 
========================================================================
Received Import Request.
  Time since last request: 0.000015 seconds.
  path: Assets/Asset Libraries/Borealis - Low Poly Tundra/Contents/Prefabs/Character Props/Snowboard.prefab
  artifactKey: Guid(cb4a610db5dae9d47a3c95add9b6d4ed) Importer(815301076,1909f56bfc062723c751e8b465ee728b)
Start importing Assets/Asset Libraries/Borealis - Low Poly Tundra/Contents/Prefabs/Character Props/Snowboard.prefab using Guid(cb4a610db5dae9d47a3c95add9b6d4ed) Importer(815301076,1909f56bfc062723c751e8b465ee728b)  -> (artifact id: 'e2867a6723923b5eecd9ec4d919a3276') in 0.012067 seconds 
========================================================================
Received Import Request.
  Time since last request: 0.000018 seconds.
  path: Assets/Asset Libraries/Borealis - Low Poly Tundra/Contents/Prefabs/Character Props/Thermos.prefab
  artifactKey: Guid(7cf679635b0384a4dbd9ad558b2227fd) Importer(815301076,1909f56bfc062723c751e8b465ee728b)
Start importing Assets/Asset Libraries/Borealis - Low Poly Tundra/Contents/Prefabs/Character Props/Thermos.prefab using Guid(7cf679635b0384a4dbd9ad558b2227fd) Importer(815301076,1909f56bfc062723c751e8b465ee728b)  -> (artifact id: 'c8cedba234dd3af9f7bcbc2165b8aa39') in 0.011218 seconds 
Editor requested this worker to shutdown with reason: Scaling down because of idle timeout
AssetImportWorker is now disconnected from the server
Process exiting
Exiting without the bug reporter. Application will terminate with return code 0